<?xml version="1.0" encoding="UTF-8" ?>
<testsuite failures="0" time="0.063" errors="0" skipped="0" tests="1" name="com.odmyhal.sf.tests.WaveTest">
  <properties>
    <property name="java.runtime.name" value="Java(TM) SE Runtime Environment"/>
    <property name="sun.boot.library.path" value="/usr/lib/jvm/jdk1.7.0_75/jre/lib/amd64"/>
    <property name="java.vm.version" value="24.75-b04"/>
    <property name="java.vm.vendor" value="Oracle Corporation"/>
    <property name="java.vendor.url" value="http://java.oracle.com/"/>
    <property name="path.separator" value=":"/>
    <property name="java.vm.name" value="Java HotSpot(TM) 64-Bit Server VM"/>
    <property name="file.encoding.pkg" value="sun.io"/>
    <property name="user.country" value="US"/>
    <property name="sun.java.launcher" value="SUN_STANDARD"/>
    <property name="sun.os.patch.level" value="unknown"/>
    <property name="java.vm.specification.name" value="Java Virtual Machine Specification"/>
    <property name="user.dir" value="/home/oleh/git/SeaFight/ship-fight"/>
    <property name="java.runtime.version" value="1.7.0_75-b13"/>
    <property name="java.awt.graphicsenv" value="sun.awt.X11GraphicsEnvironment"/>
    <property name="basedir" value="/home/oleh/git/SeaFight/ship-fight"/>
    <property name="java.endorsed.dirs" value="/usr/lib/jvm/jdk1.7.0_75/jre/lib/endorsed"/>
    <property name="os.arch" value="amd64"/>
    <property name="surefire.real.class.path" value="/home/oleh/git/SeaFight/ship-fight/target/surefire/surefirebooter1667187276067361148.jar"/>
    <property name="java.io.tmpdir" value="/tmp"/>
    <property name="line.separator" value="
"/>
    <property name="java.vm.specification.vendor" value="Oracle Corporation"/>
    <property name="os.name" value="Linux"/>
    <property name="sun.jnu.encoding" value="UTF-8"/>
    <property name="java.library.path" value="/usr/java/packages/lib/amd64:/usr/lib64:/lib64:/lib:/usr/lib"/>
    <property name="surefire.test.class.path" value="/home/oleh/git/SeaFight/ship-fight/target/test-classes:/home/oleh/git/SeaFight/ship-fight/target/classes:/home/oleh/.m2/repository/junit/junit/4.11/junit-4.11.jar:/home/oleh/.m2/repository/org/hamcrest/hamcrest-core/1.3/hamcrest-core-1.3.jar:/home/oleh/.m2/repository/com/odmyhal/bricks-engine/0.0.1-SNAPSHOT/bricks-engine-0.0.1-SNAPSHOT.jar:/home/oleh/.m2/repository/com/odmyhal/bricks-enterprise/0.0.1-SNAPSHOT/bricks-enterprise-0.0.1-SNAPSHOT.jar:/home/oleh/.m2/repository/com/odmyhal/bricks-annotation/0.0.1-SNAPSHOT/bricks-annotation-0.0.1-SNAPSHOT.jar:/home/oleh/.m2/repository/org/apache/velocity/velocity/1.7/velocity-1.7.jar:/home/oleh/.m2/repository/commons-collections/commons-collections/3.2.1/commons-collections-3.2.1.jar:/home/oleh/.m2/repository/commons-lang/commons-lang/2.4/commons-lang-2.4.jar:/home/oleh/.m2/repository/com/badlogicgames/gdx/gdx/1.6.1/gdx-1.6.1.jar:/home/oleh/.m2/repository/com/odmyhal/bricks-extent/0.0.1-SNAPSHOT/bricks-extent-0.0.1-SNAPSHOT.jar:"/>
    <property name="java.specification.name" value="Java Platform API Specification"/>
    <property name="java.class.version" value="51.0"/>
    <property name="sun.management.compiler" value="HotSpot 64-Bit Tiered Compilers"/>
    <property name="os.version" value="3.13.0-43-generic"/>
    <property name="user.home" value="/home/oleh"/>
    <property name="user.timezone" value=""/>
    <property name="java.awt.printerjob" value="sun.print.PSPrinterJob"/>
    <property name="file.encoding" value="UTF-8"/>
    <property name="java.specification.version" value="1.7"/>
    <property name="user.name" value="oleh"/>
    <property name="java.class.path" value="/home/oleh/git/SeaFight/ship-fight/target/test-classes:/home/oleh/git/SeaFight/ship-fight/target/classes:/home/oleh/.m2/repository/junit/junit/4.11/junit-4.11.jar:/home/oleh/.m2/repository/org/hamcrest/hamcrest-core/1.3/hamcrest-core-1.3.jar:/home/oleh/.m2/repository/com/odmyhal/bricks-engine/0.0.1-SNAPSHOT/bricks-engine-0.0.1-SNAPSHOT.jar:/home/oleh/.m2/repository/com/odmyhal/bricks-enterprise/0.0.1-SNAPSHOT/bricks-enterprise-0.0.1-SNAPSHOT.jar:/home/oleh/.m2/repository/com/odmyhal/bricks-annotation/0.0.1-SNAPSHOT/bricks-annotation-0.0.1-SNAPSHOT.jar:/home/oleh/.m2/repository/org/apache/velocity/velocity/1.7/velocity-1.7.jar:/home/oleh/.m2/repository/commons-collections/commons-collections/3.2.1/commons-collections-3.2.1.jar:/home/oleh/.m2/repository/commons-lang/commons-lang/2.4/commons-lang-2.4.jar:/home/oleh/.m2/repository/com/badlogicgames/gdx/gdx/1.6.1/gdx-1.6.1.jar:/home/oleh/.m2/repository/com/odmyhal/bricks-extent/0.0.1-SNAPSHOT/bricks-extent-0.0.1-SNAPSHOT.jar:"/>
    <property name="java.vm.specification.version" value="1.7"/>
    <property name="sun.arch.data.model" value="64"/>
    <property name="java.home" value="/usr/lib/jvm/jdk1.7.0_75/jre"/>
    <property name="sun.java.command" value="/home/oleh/git/SeaFight/ship-fight/target/surefire/surefirebooter1667187276067361148.jar /home/oleh/git/SeaFight/ship-fight/target/surefire/surefire4124373621246213829tmp /home/oleh/git/SeaFight/ship-fight/target/surefire/surefire2136716106024009136tmp"/>
    <property name="java.specification.vendor" value="Oracle Corporation"/>
    <property name="user.language" value="en"/>
    <property name="awt.toolkit" value="sun.awt.X11.XToolkit"/>
    <property name="java.vm.info" value="mixed mode"/>
    <property name="java.version" value="1.7.0_75"/>
    <property name="java.ext.dirs" value="/usr/lib/jvm/jdk1.7.0_75/jre/lib/ext:/usr/java/packages/lib/ext"/>
    <property name="sun.boot.class.path" value="/usr/lib/jvm/jdk1.7.0_75/jre/lib/resources.jar:/usr/lib/jvm/jdk1.7.0_75/jre/lib/rt.jar:/usr/lib/jvm/jdk1.7.0_75/jre/lib/sunrsasign.jar:/usr/lib/jvm/jdk1.7.0_75/jre/lib/jsse.jar:/usr/lib/jvm/jdk1.7.0_75/jre/lib/jce.jar:/usr/lib/jvm/jdk1.7.0_75/jre/lib/charsets.jar:/usr/lib/jvm/jdk1.7.0_75/jre/lib/jfr.jar:/usr/lib/jvm/jdk1.7.0_75/jre/classes"/>
    <property name="java.vendor" value="Oracle Corporation"/>
    <property name="localRepository" value="/home/oleh/.m2/repository"/>
    <property name="file.separator" value="/"/>
    <property name="java.vendor.url.bug" value="http://bugreport.sun.com/bugreport/"/>
    <property name="sun.cpu.endian" value="little"/>
    <property name="sun.io.unicode.encoding" value="UnicodeLittle"/>
    <property name="sun.desktop" value="gnome"/>
    <property name="sun.cpu.isalist" value=""/>
  </properties>
  <testcase time="0.007" classname="com.odmyhal.sf.tests.WaveTest" name="waveTest"/>
</testsuite>